# JRE version: Java(TM) SE Runtime Environment (13.0.2+8) (build 13.0.2+8)
# Java VM: Java HotSpot(TM) 64-Bit Server VM (13.0.2+8, mixed mode, sharing, tiered, compressed oops, g1 gc, windows-amd64)
Heap:
 garbage-first heap   total 131072K, used 21740K [0x0000000081600000, 0x0000000100000000)
  region size 1024K, 19 young (19456K), 2 survivors (2048K)
 Metaspace       used 13914K, capacity 14676K, committed 14976K, reserved 1062912K
  class space    used 1713K, capacity 1869K, committed 1920K, reserved 1048576K
GC Heap History (6 events):
Event: 1.110 GC heap before
{Heap before GC invocations=0 (full 0):
 garbage-first heap   total 131072K, used 13312K [0x0000000081600000, 0x0000000100000000)
  region size 1024K, 14 young (14336K), 0 survivors (0K)
 Metaspace       used 3537K, capacity 6261K, committed 6528K, reserved 1056768K
  class space    used 374K, capacity 623K, committed 640K, reserved 1048576K
}
Event: 1.116 GC heap after
{Heap after GC invocations=1 (full 0):
 garbage-first heap   total 131072K, used 3847K [0x0000000081600000, 0x0000000100000000)
  region size 1024K, 2 young (2048K), 2 survivors (2048K)
 Metaspace       used 3537K, capacity 6261K, committed 6528K, reserved 1056768K
  class space    used 374K, capacity 623K, committed 640K, reserved 1048576K
}
Event: 1.295 GC heap before
{Heap before GC invocations=1 (full 0):
 garbage-first heap   total 131072K, used 11015K [0x0000000081600000, 0x0000000100000000)
  region size 1024K, 9 young (9216K), 2 survivors (2048K)
 Metaspace       used 4586K, capacity 6797K, committed 6912K, reserved 1056768K
  class space    used 510K, capacity 740K, committed 768K, reserved 1048576K
}
Event: 1.299 GC heap after
{Heap after GC invocations=2 (full 0):
 garbage-first heap   total 131072K, used 4205K [0x0000000081600000, 0x0000000100000000)
  region size 1024K, 1 young (1024K), 1 survivors (1024K)
 Metaspace       used 4586K, capacity 6797K, committed 6912K, reserved 1056768K
  class space    used 510K, capacity 740K, committed 768K, reserved 1048576K
}
Event: 1.753 GC heap before
{Heap before GC invocations=2 (full 0):
 garbage-first heap   total 131072K, used 30829K [0x0000000081600000, 0x0000000100000000)
  region size 1024K, 28 young (28672K), 1 survivors (1024K)
 Metaspace       used 10561K, capacity 11828K, committed 12032K, reserved 1060864K
  class space    used 1251K, capacity 1423K, committed 1536K, reserved 1048576K
}
Event: 1.757 GC heap after
{Heap after GC invocations=3 (full 0):
 garbage-first heap   total 131072K, used 5356K [0x0000000081600000, 0x0000000100000000)
  region size 1024K, 2 young (2048K), 2 survivors (2048K)
 Metaspace       used 10561K, capacity 11828K, committed 12032K, reserved 1060864K
  class space    used 1251K, capacity 1423K, committed 1536K, reserved 1048576K
}

